2025-06-23 15:49:25,311 - __main__ - INFO - \n================================================================================
2025-06-23 15:49:25,312 - __main__ - INFO -  EXPORTACIÓN ENCODER Y PROJECTION CONETTE A ONNX - VERSIÓN FUNCIONAL 
2025-06-23 15:49:25,312 - __main__ - INFO - ================================================================================\n
2025-06-23 15:49:25,312 - __main__ - INFO - \n=== EXPORTACIÓN DE ENCODER Y PROJECTION A ONNX ===
2025-06-23 15:49:25,313 - __main__ - INFO - 📦 Cargando modelo PyTorch...
2025-06-23 15:49:27,366 - torch.distributed.nn.jit.instantiator - INFO - Created a temporary directory at /tmp/tmpo_1c24dp
2025-06-23 15:49:27,366 - torch.distributed.nn.jit.instantiator - INFO - Writing /tmp/tmpo_1c24dp/_remote_module_non_scriptable.py
2025-06-23 15:49:28,246 - conette.huggingface.config - WARNING - Unknown 4 keywords arguments for CoNeTTEConfig. (found ('architectures', 'torch_dtype', 'transformers_version', '_commit_hash'))
2025-06-23 15:49:42,071 - __main__ - INFO - ✅ Modelo PyTorch cargado exitosamente
2025-06-23 15:49:42,071 - __main__ - INFO - 🔧 Preparando audio de ejemplo...
2025-06-23 15:49:42,073 - __main__ - INFO - \n1. Exportando encoder...
2025-06-23 15:49:42,073 - __main__ - INFO - Convirtiendo encoder_wrapper a float32...
2025-06-23 15:49:42,076 - __main__ - INFO - Conversión a float32 completada exitosamente para encoder_wrapper.
2025-06-23 15:49:42,077 - __main__ - INFO - Preparando exportación a ONNX: 06_models/onnx_models/conette_encoder.onnx
2025-06-23 15:49:42,077 - __main__ - INFO - Convirtiendo modelo a float32...
2025-06-23 15:49:42,082 - __main__ - INFO - Conversión a float32 completada exitosamente para modelo.
2025-06-23 15:49:42,083 - __main__ - INFO - Exportando a 06_models/onnx_models/conette_encoder.onnx con opset_version=14...
2025-06-23 15:49:45,056 - __main__ - INFO - ✅ Exportación exitosa a 06_models/onnx_models/conette_encoder.onnx
2025-06-23 15:49:45,057 - __main__ - INFO - ✅ Encoder exportado exitosamente a 06_models/onnx_models/conette_encoder.onnx
2025-06-23 15:49:45,057 - __main__ - INFO - \n2. Exportando projection layer...
2025-06-23 15:49:45,316 - __main__ - INFO - Convirtiendo projection_wrapper a float32...
2025-06-23 15:49:45,317 - __main__ - INFO - Conversión a float32 completada exitosamente para projection_wrapper.
2025-06-23 15:49:45,318 - __main__ - INFO - Preparando exportación a ONNX: 06_models/onnx_models/conette_projection.onnx
2025-06-23 15:49:45,319 - __main__ - INFO - Convirtiendo modelo a float32...
2025-06-23 15:49:45,319 - __main__ - INFO - Conversión a float32 completada exitosamente para modelo.
2025-06-23 15:49:45,320 - __main__ - INFO - Exportando a 06_models/onnx_models/conette_projection.onnx con opset_version=14...
2025-06-23 15:49:45,341 - __main__ - INFO - ✅ Exportación exitosa a 06_models/onnx_models/conette_projection.onnx
2025-06-23 15:49:45,341 - __main__ - INFO - ✅ Projection layer exportado exitosamente a 06_models/onnx_models/conette_projection.onnx
2025-06-23 15:49:45,342 - __main__ - INFO - 🔗 Creando enlaces simbólicos para compatibilidad...
2025-06-23 15:49:45,342 - __main__ - INFO - ✅ Enlace simbólico creado: onnx_models_full/conette_encoder.onnx -> ../06_models/onnx_models/conette_encoder.onnx
2025-06-23 15:49:45,342 - __main__ - INFO - ✅ Enlace simbólico creado: onnx_models_full/conette_projection.onnx -> ../06_models/onnx_models/conette_projection.onnx
2025-06-23 15:49:45,343 - __main__ - INFO - \n3. Verificando componentes ONNX...
2025-06-23 15:49:45,343 - __main__ - INFO - 🔍 Verificando componentes ONNX...
2025-06-23 15:49:45,377 - __main__ - INFO - Verificando conette_encoder.onnx...
2025-06-23 15:49:46,472 - __main__ - INFO -   ✅ conette_encoder.onnx verificado correctamente
2025-06-23 15:49:46,472 - __main__ - INFO - Verificando conette_projection.onnx...
2025-06-23 15:49:46,507 - __main__ - INFO -   ✅ conette_projection.onnx verificado correctamente
2025-06-23 15:49:46,509 - __main__ - INFO - \n=== RESULTADOS FINALES ===
2025-06-23 15:49:46,509 - __main__ - INFO - ✅ EXPORTACIÓN COMPLETA Y EXITOSA
2025-06-23 15:49:46,510 - __main__ - INFO - 📁 Archivos ONNX guardados en: 06_models/onnx_models
2025-06-23 15:49:46,510 - __main__ - INFO - 🔗 Enlaces funcionales en: onnx_models_full
2025-06-23 15:49:46,510 - __main__ - INFO - \n🎉 PROCESO COMPLETADO EXITOSAMENTE
2025-06-23 15:49:46,510 - __main__ - INFO - Los modelos están listos para usar con sistemas de inferencia T5
